The target system is: Generic - 2.3.0 - arm
The host system is: Linux - 5.6.0-2-amd64 - x86_64
Compiling the C compiler identification source file "CMakeCCompilerId.c" succeeded.
Compiler: /home/ruuviUser/gnuarmemb/bin/arm-none-eabi-gcc 
Build flags: 
Id flags: -c 

The output was:
0


Compilation of the C compiler identification source "CMakeCCompilerId.c" produced "CMakeCCompilerId.o"

The C compiler identification is GNU, found in "/home/ruuviUser/ncs/nrf/applications/ruuvi.node_nrf91.c/SES/NBIOT_DEBUG/spm/CMakeFiles/3.13.4/CompilerIdC/CMakeCCompilerId.o"

Compiling the CXX compiler identification source file "CMakeCXXCompilerId.cpp" succeeded.
Compiler: /home/ruuviUser/gnuarmemb/bin/arm-none-eabi-g++ 
Build flags: 
Id flags: -c 

The output was:
0


Compilation of the CXX compiler identification source "CMakeCXXCompilerId.cpp" produced "CMakeCXXCompilerId.o"

The CXX compiler identification is GNU, found in "/home/ruuviUser/ncs/nrf/applications/ruuvi.node_nrf91.c/SES/NBIOT_DEBUG/spm/CMakeFiles/3.13.4/CompilerIdCXX/CMakeCXXCompilerId.o"

Checking whether the ASM compiler is GNU using "--version" matched "(GNU assembler)|(GCC)|(Free Software Foundation)":
arm-none-eabi-gcc (GNU Arm Embedded Toolchain 9-2020-q2-update) 9.3.1 20200408 (release)
Copyright (C) 2019 Free Software Foundation, Inc.
This is free software; see the source for copying conditions.  There is NO
warranty; not even for MERCHANTABILITY or FITNESS FOR A PARTICULAR PURPOSE.

Performing C SOURCE FILE Test check_fmacro_prefix_map__home_ruuviUser_ncs_nrf_samples_nrf9160_spm_CMAKE_SOURCE_DIR_C__nostartfiles__nostdlib__isystem___home_ruuviUser_gnuarmemb_bin____lib_gcc_arm_none_eabi_9_3_1_include___isystem___home_ruuviUser_gnuarmemb_bin____lib_gcc_arm_none_eabi_9_3_1_include_fixed___Wl___unresolved_symbols_ignore_in_object_files__Wl___entry_0 succeeded with the following output:
Change Dir: /home/ruuviUser/ncs/nrf/applications/ruuvi.node_nrf91.c/SES/NBIOT_DEBUG/spm/CMakeFiles/CMakeTmp

Run Build Command:"/usr/bin/ninja" "cmTC_9d832"
[1/2] Building C object CMakeFiles/cmTC_9d832.dir/src.c.obj
[2/2] Linking C executable cmTC_9d832

Source file was:
int main(void) { return 0; }
Performing C SOURCE FILE Test check_C__nostartfiles__nostdlib__isystem___home_ruuviUser_gnuarmemb_bin____lib_gcc_arm_none_eabi_9_3_1_include___isystem___home_ruuviUser_gnuarmemb_bin____lib_gcc_arm_none_eabi_9_3_1_include_fixed___Wl___unresolved_symbols_ignore_in_object_files__Wl___entry_0__Wl___out_implib__home_ruuviUser_ncs_nrf_applications_ruuvi_node_nrf91_c_SES_NBIOT_DEBUG_spm_libspmsecureentries_a succeeded with the following output:
Change Dir: /home/ruuviUser/ncs/nrf/applications/ruuvi.node_nrf91.c/SES/NBIOT_DEBUG/spm/CMakeFiles/CMakeTmp

Run Build Command:"/usr/bin/ninja" "cmTC_ec427"
[1/2] Building C object CMakeFiles/cmTC_ec427.dir/src.c.obj
[2/2] Linking C executable cmTC_ec427

Source file was:
int main(void) { return 0; }
